  csvparser.cpp
C:\Users\Makovey\VS community\repos\CSVparser\csvparser.cpp(76,40): warning C4101: e: неиспользованная локальная переменная
  C:\Users\Makovey\VS community\repos\CSVparser\csvparser.cpp(76,40):
  контекст создания экземпляра шаблона (сначала самый старый)
  	C:\Users\Makovey\VS community\repos\CSVparser\csvparser.cpp(139,29):
  	выполняется компиляция ссылки на экземпляр класс шаблон функции "CSVParser<int,int,int,int,std::string>::CSVInputIterator"
  	C:\Users\Makovey\VS community\repos\CSVparser\csvparser.cpp(72,27):
  	во время компиляции функции-члена класс шаблон "CSVParser<int,int,int,int,std::string>::CSVInputIterator &CSVParser<int,int,int,int,std::string>::CSVInputIterator::operator ++(void)"
  		C:\Users\Makovey\VS community\repos\CSVparser\csvparser.cpp(139,21):
  		см. первую ссылку на "CSVParser<int,int,int,int,std::string>::CSVInputIterator::operator ++" в "main"
  
C:\Users\Makovey\VS community\repos\CSVparser\csvparser.cpp(60,9): warning C4102: std: неиспользованная метка
  C:\Users\Makovey\VS community\repos\CSVparser\csvparser.cpp(60,9):
  контекст создания экземпляра шаблона (сначала самый старый)
  	C:\Users\Makovey\VS community\repos\CSVparser\csvparser.cpp(137,48):
  	выполняется компиляция ссылки на экземпляр класс шаблон функции "CSVParser<int,int,int,int,std::string>"
  	C:\Users\Makovey\VS community\repos\CSVparser\csvparser.cpp(53,5):
  	во время компиляции функции-члена класс шаблон "CSVParser<int,int,int,int,std::string>::CSVParser(std::ifstream &,int,char,char)"
  		C:\Users\Makovey\VS community\repos\CSVparser\csvparser.cpp(137,54):
  		см. первую ссылку на "CSVParser<int,int,int,int,std::string>::CSVParser" в "main"
  
C:\Users\Makovey\VS community\repos\CSVparser\csvparser.cpp(129): warning C4715: CSVParser<int,int,int,int,std::basic_string<char,std::char_traits<char>,std::allocator<char> > >::row2vector: значение возвращается не при всех путях выполнения
  CSVparser.vcxproj -> C:\Users\Makovey\VS community\repos\CSVparser\x64\Debug\CSVparser.exe
